2025-08-08 14:31:34,697 [INFO] FL_WORKFLOW: 🚀 Federated Learning Orchestrator Initialized
2025-08-08 14:31:34,698 [INFO] FL_WORKFLOW:    Canister ID: uxrrr-q7777-77774-qaaaq-cai
2025-08-08 14:31:34,698 [INFO] FL_WORKFLOW:    Server Identity: fl_server
2025-08-08 14:31:34,698 [INFO] FL_WORKFLOW:    Client Identities: ['fl_client_1', 'fl_client_2', 'fl_client_3']
2025-08-08 14:31:34,698 [INFO] FL_WORKFLOW: 🎯 Starting Complete Federated Learning Workflow
2025-08-08 14:31:34,698 [INFO] FL_WORKFLOW: ================================================================================
2025-08-08 14:31:34,698 [INFO] FL_WORKFLOW: 🔍 Retrieving client principal IDs...
2025-08-08 14:31:35,142 [INFO] FL_WORKFLOW:    ✅ fl_client_1: xoqpj-5c7wg-idyjk-i5ply-fetwi-salbi-c5z2t-5nt7k-6xojd-uic3u-3ae
2025-08-08 14:31:35,613 [INFO] FL_WORKFLOW:    ✅ fl_client_2: eaxhv-xeqvm-eypy2-y7tmi-hunii-5y6ux-dvq7j-x6k3w-bcb7j-dwwmy-iae
2025-08-08 14:31:35,979 [INFO] FL_WORKFLOW:    ✅ fl_client_3: it3pk-ql7f2-ohobl-eqmpy-k45ny-dflvw-olipk-t35ye-pd3bx-lj2dp-fae
2025-08-08 14:31:35,980 [INFO] FL_WORKFLOW: 📝 Registering clients with canister...
2025-08-08 14:31:38,743 [INFO] FL_WORKFLOW:    ✅ fl_client_1 (xoqpj-5c7wg-idyjk-i5ply-fetwi-salbi-c5z2t-5nt7k-6xojd-uic3u-3ae) registered successfully
2025-08-08 14:31:38,744 [INFO] FL_WORKFLOW:       Response: (
  variant {
    PendingApproval = record {
      id = principal "xoqpj-5c7wg-idyjk-i5ply-fetwi-salbi-c5z2t-5nt7k-6xojd-uic3u-3ae";
      status = variant { Pending };
      total_samples_contributed = 0 : nat;
      last_active = 1_754_634_698_022_651_000 : int;
      registered_at = 1_754_634_698_022_651_000 : int;
      total_rounds_participated = 0 : nat;
    }
  },
)
2025-08-08 14:31:41,375 [INFO] FL_WORKFLOW:    ✅ fl_client_2 (eaxhv-xeqvm-eypy2-y7tmi-hunii-5y6ux-dvq7j-x6k3w-bcb7j-dwwmy-iae) registered successfully
2025-08-08 14:31:41,375 [INFO] FL_WORKFLOW:       Response: (
  variant {
    PendingApproval = record {
      id = principal "eaxhv-xeqvm-eypy2-y7tmi-hunii-5y6ux-dvq7j-x6k3w-bcb7j-dwwmy-iae";
      status = variant { Pending };
      total_samples_contributed = 0 : nat;
      last_active = 1_754_634_700_691_068_000 : int;
      registered_at = 1_754_634_700_691_068_000 : int;
      total_rounds_participated = 0 : nat;
    }
  },
)
2025-08-08 14:31:43,945 [INFO] FL_WORKFLOW:    ✅ fl_client_3 (it3pk-ql7f2-ohobl-eqmpy-k45ny-dflvw-olipk-t35ye-pd3bx-lj2dp-fae) registered successfully
2025-08-08 14:31:43,946 [INFO] FL_WORKFLOW:       Response: (
  variant {
    PendingApproval = record {
      id = principal "it3pk-ql7f2-ohobl-eqmpy-k45ny-dflvw-olipk-t35ye-pd3bx-lj2dp-fae";
      status = variant { Pending };
      total_samples_contributed = 0 : nat;
      last_active = 1_754_634_703_272_423_000 : int;
      registered_at = 1_754_634_703_272_423_000 : int;
      total_rounds_participated = 0 : nat;
    }
  },
)
2025-08-08 14:31:43,946 [INFO] FL_WORKFLOW: 📋 Listing pending clients...
2025-08-08 14:31:45,384 [INFO] FL_WORKFLOW:    📋 Pending clients response:
2025-08-08 14:31:45,384 [INFO] FL_WORKFLOW:       (
  vec {
    record {
      id = principal "eaxhv-xeqvm-eypy2-y7tmi-hunii-5y6ux-dvq7j-x6k3w-bcb7j-dwwmy-iae";
      status = variant { Pending };
      total_samples_contributed = 0 : nat;
      last_active = 1_754_634_700_691_068_000 : int;
      registered_at = 1_754_634_700_691_068_000 : int;
      total_rounds_participated = 0 : nat;
    };
    record {
      id = principal "xoqpj-5c7wg-idyjk-i5ply-fetwi-salbi-c5z2t-5nt7k-6xojd-uic3u-3ae";
      status = variant { Pending };
      total_samples_contributed = 0 : nat;
      last_active = 1_754_634_698_022_651_000 : int;
      registered_at = 1_754_634_698_022_651_000 : int;
      total_rounds_participated = 0 : nat;
    };
    record {
      id = principal "it3pk-ql7f2-ohobl-eqmpy-k45ny-dflvw-olipk-t35ye-pd3bx-lj2dp-fae";
      status = variant { Pending };
      total_samples_contributed = 0 : nat;
      last_active = 1_754_634_703_272_423_000 : int;
      registered_at = 1_754_634_703_272_423_000 : int;
      total_rounds_participated = 0 : nat;
    };
  },
)
2025-08-08 14:31:45,385 [INFO] FL_WORKFLOW: 🔍 Retrieving client principal IDs...
2025-08-08 14:31:45,689 [INFO] FL_WORKFLOW:    ✅ fl_client_1: xoqpj-5c7wg-idyjk-i5ply-fetwi-salbi-c5z2t-5nt7k-6xojd-uic3u-3ae
2025-08-08 14:31:46,010 [INFO] FL_WORKFLOW:    ✅ fl_client_2: eaxhv-xeqvm-eypy2-y7tmi-hunii-5y6ux-dvq7j-x6k3w-bcb7j-dwwmy-iae
2025-08-08 14:31:46,312 [INFO] FL_WORKFLOW:    ✅ fl_client_3: it3pk-ql7f2-ohobl-eqmpy-k45ny-dflvw-olipk-t35ye-pd3bx-lj2dp-fae
2025-08-08 14:31:46,312 [INFO] FL_WORKFLOW:    📊 Found 3 pending clients:
2025-08-08 14:31:46,313 [INFO] FL_WORKFLOW:       1. xoqpj-5c7wg-idyjk-i5ply-fetwi-salbi-c5z2t-5nt7k-6xojd-uic3u-3ae
2025-08-08 14:31:46,313 [INFO] FL_WORKFLOW:       2. eaxhv-xeqvm-eypy2-y7tmi-hunii-5y6ux-dvq7j-x6k3w-bcb7j-dwwmy-iae
2025-08-08 14:31:46,313 [INFO] FL_WORKFLOW:       3. it3pk-ql7f2-ohobl-eqmpy-k45ny-dflvw-olipk-t35ye-pd3bx-lj2dp-fae
2025-08-08 14:31:46,313 [INFO] FL_WORKFLOW: ✅ Approving pending clients...
2025-08-08 14:31:49,123 [INFO] FL_WORKFLOW:    ✅ Client 1/3 approved: xoqpj-5c7wg-idyjk-i5ply-fetwi-salbi-c5z2t-5nt7k-6xojd-uic3u-3ae
2025-08-08 14:31:51,691 [INFO] FL_WORKFLOW:    ✅ Client 2/3 approved: eaxhv-xeqvm-eypy2-y7tmi-hunii-5y6ux-dvq7j-x6k3w-bcb7j-dwwmy-iae
2025-08-08 14:31:54,276 [INFO] FL_WORKFLOW:    ✅ Client 3/3 approved: it3pk-ql7f2-ohobl-eqmpy-k45ny-dflvw-olipk-t35ye-pd3bx-lj2dp-fae
2025-08-08 14:31:54,277 [INFO] FL_WORKFLOW: 🎉 All clients approved successfully!
2025-08-08 14:31:54,277 [INFO] FL_WORKFLOW: 🖥️ Starting federated learning server...
2025-08-08 14:31:54,284 [INFO] FL_WORKFLOW:    ✅ Server started with PID: 50496
2025-08-08 14:31:54,285 [INFO] FL_WORKFLOW:    📝 Server logs: logs/server_workflow.log
2025-08-08 14:31:59,289 [INFO] FL_WORKFLOW: 👥 Starting federated learning clients...
2025-08-08 14:31:59,295 [INFO] FL_WORKFLOW:    ✅ Client 1/3 started: fl_client_1 (PID: 50514)
2025-08-08 14:31:59,296 [INFO] FL_WORKFLOW:       Dataset: dataset/clients/client1_data.csv
2025-08-08 14:31:59,296 [INFO] FL_WORKFLOW:       Logs: logs/client_1_workflow.log
2025-08-08 14:32:01,308 [INFO] FL_WORKFLOW:    ✅ Client 2/3 started: fl_client_2 (PID: 50527)
2025-08-08 14:32:01,308 [INFO] FL_WORKFLOW:       Dataset: dataset/clients/client2_data.csv
2025-08-08 14:32:01,309 [INFO] FL_WORKFLOW:       Logs: logs/client_2_workflow.log
2025-08-08 14:32:03,321 [INFO] FL_WORKFLOW:    ✅ Client 3/3 started: fl_client_3 (PID: 50536)
2025-08-08 14:32:03,322 [INFO] FL_WORKFLOW:       Dataset: dataset/clients/client3_data.csv
2025-08-08 14:32:03,322 [INFO] FL_WORKFLOW:       Logs: logs/client_3_workflow.log
2025-08-08 14:32:05,327 [INFO] FL_WORKFLOW: 🎉 All clients started successfully!
2025-08-08 14:32:05,331 [INFO] FL_WORKFLOW: 📊 Monitoring federated learning process...
2025-08-08 14:32:05,332 [INFO] FL_WORKFLOW:    ⏳ Waiting for training to complete...
2025-08-08 14:34:18,397 [INFO] FL_WORKFLOW: 🧹 Cleaning up processes...
2025-08-08 14:34:18,399 [INFO] FL_WORKFLOW:    ✅ Server process terminated
2025-08-08 14:34:18,400 [INFO] FL_WORKFLOW:    ✅ Client 1 process terminated
2025-08-08 14:34:18,400 [INFO] FL_WORKFLOW:    ✅ Client 2 process terminated
2025-08-08 14:34:18,400 [INFO] FL_WORKFLOW:    ✅ Client 3 process terminated
